-------------------------------------------------------------------------------
Test set: up.eager.javaexperience.orderRestApi.OrderRestApiApplicationTests
-------------------------------------------------------------------------------
Tests run: 1, Failures: 0, Errors: 1, Skipped: 0, Time elapsed: 3.321 s <<< FAILURE! - in up.eager.javaexperience.orderRestApi.OrderRestApiApplicationTests
contextLoads  Time elapsed: 0.018 s  <<< ERROR!
java.lang.IllegalStateException: Failed to load ApplicationContext
Caused by: org.springframework.beans.factory.BeanCreationException: Error creating bean with name 'orderapiRepository' defined in up.eager.javaexperience.orderRestApi.repository.OrderapiRepository defined in @EnableJpaRepositories declared on JpaRepositoriesRegistrar.EnableJpaRepositoriesConfiguration: Cannot resolve reference to bean 'jpaMappingContext' while setting bean property 'mappingContext'; nested exception is org.springframework.beans.factory.BeanCreationException: Error creating bean with name 'jpaMappingContext': Invocation of init method failed; nested exception is org.hibernate.AnnotationException: No identifier specified for entity: up.eager.javaexperience.orderRestApi.model.IdentifiableMarks
Caused by: org.springframework.beans.factory.BeanCreationException: Error creating bean with name 'jpaMappingContext': Invocation of init method failed; nested exception is org.hibernate.AnnotationException: No identifier specified for entity: up.eager.javaexperience.orderRestApi.model.IdentifiableMarks
Caused by: org.hibernate.AnnotationException: No identifier specified for entity: up.eager.javaexperience.orderRestApi.model.IdentifiableMarks

